2021-08-24 23:29:39.093  INFO 46789 --- [main] com.example.demo.SareetaApplication      : Starting SareetaApplication on Oluwatobis-MacBook-Air.local with PID 46789 (/Users/tobi/Desktop/nd035-c4-Security-and-DevOps/starter_code/target/classes started by tobi in /Users/tobi/Desktop/nd035-c4-Security-and-DevOps)
2021-08-24 23:29:39.117  INFO 46789 --- [main] com.example.demo.SareetaApplication      : No active profile set, falling back to default profiles: default
2021-08-24 23:29:40.974  INFO 46789 --- [main] .s.d.r.c.RepositoryConfigurationDelegate : Bootstrapping Spring Data repositories in DEFAULT mode.
2021-08-24 23:29:41.168  INFO 46789 --- [main] .s.d.r.c.RepositoryConfigurationDelegate : Finished Spring Data repository scanning in 163ms. Found 4 repository interfaces.
2021-08-24 23:29:42.809  INFO 46789 --- [main] trationDelegate$BeanPostProcessorChecker : Bean 'org.springframework.transaction.annotation.ProxyTransactionManagementConfiguration' of type [org.springframework.transaction.annotation.ProxyTransactionManagementConfiguration$$EnhancerBySpringCGLIB$$4a09f8ae] is not eligible for getting processed by all BeanPostProcessors (for example: not eligible for auto-proxying)
2021-08-24 23:29:43.611  INFO 46789 --- [main] o.s.b.w.embedded.tomcat.TomcatWebServer  : Tomcat initialized with port(s): 8080 (http)
2021-08-24 23:29:43.702  INFO 46789 --- [main] o.apache.catalina.core.StandardService   : Starting service [Tomcat]
2021-08-24 23:29:43.703  INFO 46789 --- [main] org.apache.catalina.core.StandardEngine  : Starting Servlet engine: [Apache Tomcat/9.0.19]
2021-08-24 23:29:43.984  INFO 46789 --- [main] o.a.c.c.C.[Tomcat].[localhost].[/]       : Initializing Spring embedded WebApplicationContext
2021-08-24 23:29:43.986  INFO 46789 --- [main] o.s.web.context.ContextLoader            : Root WebApplicationContext: initialization completed in 4691 ms
2021-08-24 23:29:44.477  INFO 46789 --- [main] com.zaxxer.hikari.HikariDataSource       : HikariPool-1 - Starting...
2021-08-24 23:29:44.972  INFO 46789 --- [main] com.zaxxer.hikari.HikariDataSource       : HikariPool-1 - Start completed.
2021-08-24 23:29:45.119  INFO 46789 --- [main] o.hibernate.jpa.internal.util.LogHelper  : HHH000204: Processing PersistenceUnitInfo [
	name: default
	...]
2021-08-24 23:29:45.384  INFO 46789 --- [main] org.hibernate.Version                    : HHH000412: Hibernate Core {5.3.10.Final}
2021-08-24 23:29:45.389  INFO 46789 --- [main] org.hibernate.cfg.Environment            : HHH000206: hibernate.properties not found
2021-08-24 23:29:45.882  INFO 46789 --- [main] o.hibernate.annotations.common.Version   : HCANN000001: Hibernate Commons Annotations {5.0.4.Final}
2021-08-24 23:29:46.276  INFO 46789 --- [main] org.hibernate.dialect.Dialect            : HHH000400: Using dialect: org.hibernate.dialect.H2Dialect
2021-08-24 23:29:47.884  INFO 46789 --- [main] j.LocalContainerEntityManagerFactoryBean : Initialized JPA EntityManagerFactory for persistence unit 'default'
2021-08-24 23:29:49.064  WARN 46789 --- [main] aWebConfiguration$JpaWebMvcConfiguration : spring.jpa.open-in-view is enabled by default. Therefore, database queries may be performed during view rendering. Explicitly configure spring.jpa.open-in-view to disable this warning
2021-08-24 23:29:49.225  INFO 46789 --- [main] o.s.s.web.DefaultSecurityFilterChain     : Creating filter chain: any request, [org.springframework.security.web.context.request.async.WebAsyncManagerIntegrationFilter@285c63cf, org.springframework.security.web.context.SecurityContextPersistenceFilter@4070c4ff, org.springframework.security.web.header.HeaderWriterFilter@5444f1c3, org.springframework.web.filter.CorsFilter@4e343265, org.springframework.security.web.authentication.logout.LogoutFilter@6dc2e473, com.example.demo.security.JWTAuthenticationFilter@4301fa39, com.example.demo.security.JWTAuthenticationVerficationFilter@73dd0f23, org.springframework.security.web.savedrequest.RequestCacheAwareFilter@389bc2d3, org.springframework.security.web.servletapi.SecurityContextHolderAwareRequestFilter@2f58f492, org.springframework.security.web.authentication.AnonymousAuthenticationFilter@38d4488c, org.springframework.security.web.session.SessionManagementFilter@1dadd172, org.springframework.security.web.access.ExceptionTranslationFilter@1cfd6f63, org.springframework.security.web.access.intercept.FilterSecurityInterceptor@67292fc7]
2021-08-24 23:29:49.472  INFO 46789 --- [main] o.s.s.concurrent.ThreadPoolTaskExecutor  : Initializing ExecutorService 'applicationTaskExecutor'
2021-08-24 23:29:49.789  INFO 46789 --- [main] o.s.b.w.embedded.tomcat.TomcatWebServer  : Tomcat started on port(s): 8080 (http) with context path ''
2021-08-24 23:29:49.793  INFO 46789 --- [main] com.example.demo.SareetaApplication      : Started SareetaApplication in 12.276 seconds (JVM running for 13.494)
2021-08-24 23:31:34.506  INFO 46789 --- [http-nio-8080-exec-1] o.a.c.c.C.[Tomcat].[localhost].[/]       : Initializing Spring DispatcherServlet 'dispatcherServlet'
2021-08-24 23:31:34.507  INFO 46789 --- [http-nio-8080-exec-1] o.s.web.servlet.DispatcherServlet        : Initializing Servlet 'dispatcherServlet'
2021-08-24 23:31:34.532  INFO 46789 --- [http-nio-8080-exec-1] o.s.web.servlet.DispatcherServlet        : Completed initialization in 25 ms
2021-08-24 23:31:34.884  INFO 46789 --- [http-nio-8080-exec-1] c.e.demo.controllers.UserController      : The user has now been set to Samson
2021-08-24 23:31:35.235  INFO 46789 --- [http-nio-8080-exec-1] c.e.demo.controllers.UserController      : User credentials are correct and have been stored in the database
2021-08-24 23:32:11.045  INFO 46789 --- [http-nio-8080-exec-3] o.h.h.i.QueryTranslatorFactoryInitiator  : HHH000397: Using ASTQueryTranslatorFactory
2021-08-24 23:32:52.044  INFO 46789 --- [http-nio-8080-exec-4] c.e.demo.controllers.UserController      : this user is not in the database
2021-08-24 23:33:09.776  INFO 46789 --- [http-nio-8080-exec-5] c.e.demo.controllers.UserController      : The user has been found
2021-08-24 23:33:25.108  INFO 46789 --- [http-nio-8080-exec-6] c.e.demo.controllers.CartController      : User cart has successfully been saved
2021-08-24 23:33:51.297  INFO 46789 --- [http-nio-8080-exec-8] c.e.demo.controllers.OrderController     : User Samson order has successfully been saved
2021-08-24 23:34:37.643  INFO 46789 --- [http-nio-8080-exec-9] c.e.demo.controllers.UserController      : The user has now been set to Tobi
2021-08-24 23:34:37.649 ERROR 46789 --- [http-nio-8080-exec-9] c.e.demo.controllers.UserController      : User credentials is not correct
2021-08-24 23:34:52.306  INFO 46789 --- [http-nio-8080-exec-2] c.e.demo.controllers.UserController      : The user has now been set to Tobi
2021-08-24 23:34:52.429  INFO 46789 --- [http-nio-8080-exec-2] c.e.demo.controllers.UserController      : User credentials are correct and have been stored in the database
2021-08-24 23:36:25.208  INFO 46789 --- [http-nio-8080-exec-5] c.e.demo.controllers.UserController      : this user is not in the database
2021-08-24 23:36:31.321  INFO 46789 --- [http-nio-8080-exec-6] c.e.demo.controllers.UserController      : The user has been found
2021-08-24 23:36:52.960  INFO 46789 --- [http-nio-8080-exec-7] c.e.demo.controllers.CartController      : User cart has successfully been saved
2021-08-24 23:37:27.660  INFO 46789 --- [http-nio-8080-exec-8] c.e.demo.controllers.OrderController     : User Tobi order has successfully been saved
2021-08-24 23:37:57.420  INFO 46789 --- [http-nio-8080-exec-9] c.e.demo.controllers.UserController      : The user has now been set to David
2021-08-24 23:37:57.578  INFO 46789 --- [http-nio-8080-exec-9] c.e.demo.controllers.UserController      : User credentials are correct and have been stored in the database
2021-08-24 23:38:28.841  INFO 46789 --- [http-nio-8080-exec-2] c.e.demo.controllers.UserController      : The user has been found
2021-08-24 23:39:05.226  INFO 46789 --- [http-nio-8080-exec-1] c.e.demo.controllers.CartController      : User cart has successfully been saved
2021-08-24 23:39:20.430  INFO 46789 --- [http-nio-8080-exec-3] c.e.demo.controllers.OrderController     : User David order has successfully been saved
2021-08-24 23:39:30.105  INFO 46789 --- [Thread-3] o.s.s.concurrent.ThreadPoolTaskExecutor  : Shutting down ExecutorService 'applicationTaskExecutor'
2021-08-24 23:39:30.112  INFO 46789 --- [Thread-3] j.LocalContainerEntityManagerFactoryBean : Closing JPA EntityManagerFactory for persistence unit 'default'
2021-08-24 23:39:30.124  INFO 46789 --- [Thread-3] com.zaxxer.hikari.HikariDataSource       : HikariPool-1 - Shutdown initiated...
2021-08-24 23:39:30.134  INFO 46789 --- [Thread-3] com.zaxxer.hikari.HikariDataSource       : HikariPool-1 - Shutdown completed.
